{"C:\\Users\\zagum\\OneDrive\\Desktop\\Matchers\\src\\game.js": {"path":"C:\\Users\\zagum\\OneDrive\\Desktop\\Matchers\\src\\game.js","statementMap":{"0":{"start":{"line":2,"column":17},"end":{"line":2,"column":67}},"1":{"start":{"line":2,"column":38},"end":{"line":2,"column":66}},"2":{"start":{"line":4,"column":4},"end":{"line":4,"column":16}}},"fnMap":{"0":{"name":"charactersSort","decl":{"start":{"line":1,"column":16},"end":{"line":1,"column":30}},"loc":{"start":{"line":1,"column":38},"end":{"line":5,"column":1}},"line":1},"1":{"name":"(anonymous_1)","decl":{"start":{"line":2,"column":28},"end":{"line":2,"column":29}},"loc":{"start":{"line":2,"column":38},"end":{"line":2,"column":66}},"line":2}},"branchMap":{"0":{"loc":{"start":{"line":2,"column":38},"end":{"line":2,"column":66}},"type":"cond-expr","locations":[{"start":{"line":2,"column":60},"end":{"line":2,"column":61}},{"start":{"line":2,"column":64},"end":{"line":2,"column":66}}],"line":2}},"s":{"0":6,"1":37,"2":6},"f":{"0":6,"1":37},"b":{"0":[31,6]},"_coverageSchema":"1a1c01bbd47fc00a2c39e90264f33305004495a9","hash":"3386007a99614f3ae4f15b6a5efc852f296744d5"}
}
